<?xml version="1.0" encoding="UTF-8"?>
<!-- Generated by org.testng.reporters.JUnitReportReporter -->
<testsuite hostname="ruchisharma01" failures="0" tests="1" name="TestCases.HomeLoanTest" time="0.005" errors="0" timestamp="16 Apr 2023 04:29:32 GMT" skipped="0">
  <testcase classname="TestCases.HomeLoanTest" name="test2" time="0.005"/>
</testsuite> <!-- TestCases.HomeLoanTest -->
