<?xml version="1.0" encoding="UTF-8"?>
<!-- Generated by org.testng.reporters.JUnitReportReporter -->
<testsuite hostname="ruchisharma01" failures="0" tests="1" name="TestCases.CarLoanTest" time="0.001" errors="0" timestamp="15 Apr 2023 07:09:20 GMT" skipped="0">
  <testcase classname="TestCases.CarLoanTest" name="test3" time="0.001"/>
</testsuite> <!-- TestCases.CarLoanTest -->
